c:\users\cody\downloads\directxframework (7)\directxframework\graphics2\x64\release\vc142.pdb
c:\users\cody\downloads\directxframework (7)\directxframework\graphics2\x64\release\wictextureloader.obj
c:\users\cody\downloads\directxframework (7)\directxframework\graphics2\x64\release\scenegraph.obj
c:\users\cody\downloads\directxframework (7)\directxframework\graphics2\x64\release\mesh.obj
c:\users\cody\downloads\directxframework (7)\directxframework\graphics2\x64\release\framework.obj
c:\users\cody\downloads\directxframework (7)\directxframework\graphics2\x64\release\ddstextureloader.obj
c:\users\cody\downloads\directxframework (7)\directxframework\graphics2\x64\release\camera.obj
c:\users\cody\downloads\directxframework (7)\directxframework\graphics2\x64\release\texturedcubenode.obj
c:\users\cody\downloads\directxframework (7)\directxframework\graphics2\x64\release\terrainnode.obj
c:\users\cody\downloads\directxframework (7)\directxframework\graphics2\x64\release\resourcemanager.obj
c:\users\cody\downloads\directxframework (7)\directxframework\graphics2\x64\release\meshrenderer.obj
c:\users\cody\downloads\directxframework (7)\directxframework\graphics2\x64\release\meshnode.obj
c:\users\cody\downloads\directxframework (7)\directxframework\graphics2\x64\release\graphics2.obj
c:\users\cody\downloads\directxframework (7)\directxframework\graphics2\x64\release\directxframework.obj
c:\users\cody\downloads\directxframework (7)\directxframework\x64\release\graphics2.ipdb
c:\users\cody\downloads\directxframework (7)\directxframework\x64\release\graphics2.iobj
c:\users\cody\downloads\directxframework (7)\directxframework\x64\release\graphics2.exe
c:\users\cody\downloads\directxframework (7)\directxframework\x64\release\graphics2.pdb
c:\users\cody\downloads\directxframework (7)\directxframework\graphics2\x64\release\graphics2.res
c:\users\cody\downloads\directxframework (7)\directxframework\graphics2\x64\release\graphics2.tlog\cl.command.1.tlog
c:\users\cody\downloads\directxframework (7)\directxframework\graphics2\x64\release\graphics2.tlog\cl.read.1.tlog
c:\users\cody\downloads\directxframework (7)\directxframework\graphics2\x64\release\graphics2.tlog\cl.write.1.tlog
c:\users\cody\downloads\directxframework (7)\directxframework\graphics2\x64\release\graphics2.tlog\graphics2.write.1u.tlog
c:\users\cody\downloads\directxframework (7)\directxframework\graphics2\x64\release\graphics2.tlog\link.command.1.tlog
c:\users\cody\downloads\directxframework (7)\directxframework\graphics2\x64\release\graphics2.tlog\link.read.1.tlog
c:\users\cody\downloads\directxframework (7)\directxframework\graphics2\x64\release\graphics2.tlog\link.write.1.tlog
c:\users\cody\downloads\directxframework (7)\directxframework\graphics2\x64\release\graphics2.tlog\rc.command.1.tlog
c:\users\cody\downloads\directxframework (7)\directxframework\graphics2\x64\release\graphics2.tlog\rc.read.1.tlog
c:\users\cody\downloads\directxframework (7)\directxframework\graphics2\x64\release\graphics2.tlog\rc.write.1.tlog
